Copyright 1986-2018 Xilinx, Inc. All Rights Reserved.
------------------------------------------------------------------------------------
| Tool Version : Vivado v.2018.3 (lin64) Build 2405991 Thu Dec  6 23:36:41 MST 2018
| Date         : Wed Jun 19 05:07:46 2019
| Host         : 310-2-30 running 64-bit Ubuntu 18.04.2 LTS
| Command      : upgrade_ip
| Device       : xc7z020clg484-1
------------------------------------------------------------------------------------

Upgrade Log for IP 'design_1_myip_0_0'

1. Summary
----------

SUCCESS in the upgrade of design_1_myip_0_0 (user.org:user:myip:1.0) from (Rev. 21) to (Rev. 22)






Copyright 1986-2018 Xilinx, Inc. All Rights Reserved.
------------------------------------------------------------------------------------
| Tool Version : Vivado v.2018.3 (lin64) Build 2405991 Thu Dec  6 23:36:41 MST 2018
| Date         : Wed Jun 19 02:14:36 2019
| Host         : 310-2-30 running 64-bit Ubuntu 18.04.2 LTS
| Command      : upgrade_ip
| Device       : xc7z020clg484-1
------------------------------------------------------------------------------------

Upgrade Log for IP 'design_1_myip_0_0'

1. Summary
----------

SUCCESS in the upgrade of design_1_myip_0_0 (user.org:user:myip:1.0) from (Rev. 20) to (Rev. 21)






Copyright 1986-2018 Xilinx, Inc. All Rights Reserved.
------------------------------------------------------------------------------------
| Tool Version : Vivado v.2018.3 (lin64) Build 2405991 Thu Dec  6 23:36:41 MST 2018
| Date         : Wed Jun 19 02:09:18 2019
| Host         : 310-2-30 running 64-bit Ubuntu 18.04.2 LTS
| Command      : upgrade_ip
| Device       : xc7z020clg484-1
------------------------------------------------------------------------------------

Upgrade Log for IP 'design_1_myip_0_0'

1. Summary
----------

SUCCESS in the upgrade of design_1_myip_0_0 (user.org:user:myip:1.0) from (Rev. 19) to (Rev. 20)






Copyright 1986-2018 Xilinx, Inc. All Rights Reserved.
------------------------------------------------------------------------------------
| Tool Version : Vivado v.2018.3 (lin64) Build 2405991 Thu Dec  6 23:36:41 MST 2018
| Date         : Wed Jun 19 01:46:34 2019
| Host         : 310-2-30 running 64-bit Ubuntu 18.04.2 LTS
| Command      : upgrade_ip
| Device       : xc7z020clg484-1
------------------------------------------------------------------------------------

Upgrade Log for IP 'design_1_myip_0_0'

1. Summary
----------

SUCCESS in the upgrade of design_1_myip_0_0 (user.org:user:myip:1.0) from (Rev. 18) to (Rev. 19)






Copyright 1986-2018 Xilinx, Inc. All Rights Reserved.
------------------------------------------------------------------------------------
| Tool Version : Vivado v.2018.3 (lin64) Build 2405991 Thu Dec  6 23:36:41 MST 2018
| Date         : Wed Jun 19 00:58:00 2019
| Host         : 310-2-30 running 64-bit Ubuntu 18.04.2 LTS
| Command      : upgrade_ip
| Device       : xc7z020clg484-1
------------------------------------------------------------------------------------

Upgrade Log for IP 'design_1_myip_0_0'

1. Summary
----------

SUCCESS in the upgrade of design_1_myip_0_0 (user.org:user:myip:1.0) from (Rev. 17) to (Rev. 18)






Copyright 1986-2018 Xilinx, Inc. All Rights Reserved.
------------------------------------------------------------------------------------
| Tool Version : Vivado v.2018.3 (lin64) Build 2405991 Thu Dec  6 23:36:41 MST 2018
| Date         : Wed Jun 19 00:56:57 2019
| Host         : 310-2-30 running 64-bit Ubuntu 18.04.2 LTS
| Command      : upgrade_ip
| Device       : xc7z020clg484-1
------------------------------------------------------------------------------------

Upgrade Log for IP 'design_1_myip_0_0'

1. Summary
----------

SUCCESS in the upgrade of design_1_myip_0_0 (user.org:user:myip:1.0) from (Rev. 16) to (Rev. 17)






Copyright 1986-2018 Xilinx, Inc. All Rights Reserved.
------------------------------------------------------------------------------------
| Tool Version : Vivado v.2018.3 (lin64) Build 2405991 Thu Dec  6 23:36:41 MST 2018
| Date         : Wed Jun 19 00:39:17 2019
| Host         : 310-2-30 running 64-bit Ubuntu 18.04.2 LTS
| Command      : upgrade_ip
| Device       : xc7z020clg484-1
------------------------------------------------------------------------------------

Upgrade Log for IP 'design_1_myip_0_0'

1. Summary
----------

SUCCESS in the upgrade of design_1_myip_0_0 (user.org:user:myip:1.0) from (Rev. 15) to (Rev. 16)

